{
  "RSpec": {
    "coverage": {
      "/Users/roystonHenson/Projects/revists/battle-in-the-browser/spec/features/player_hit_point_management_spec.rb": [
        1,
        null,
        1,
        1,
        1,
        null,
        1,
        1,
        null,
        null,
        1,
        1,
        1,
        1,
        1,
        null,
        null
      ],
      "/Users/roystonHenson/Projects/revists/battle-in-the-browser/spec/features/player_names_management_spec.rb": [
        1,
        null,
        null,
        1,
        1,
        1,
        null,
        null,
        null,
        1,
        1,
        null,
        1,
        1,
        null,
        null
      ],
      "/Users/roystonHenson/Projects/revists/battle-in-the-browser/spec/game_spec.rb": [
        1,
        null,
        1,
        3,
        null,
        1,
        null,
        1,
        1,
        1,
        null,
        null,
        1,
        1,
        1,
        1,
        null,
        null,
        null
      ],
      "/Users/roystonHenson/Projects/revists/battle-in-the-browser/spec/player_spec.rb": [
        1,
        null,
        1,
        3,
        null,
        1,
        1,
        1,
        null,
        null,
        1,
        1,
        null,
        null,
        null,
        null,
        null
      ]
    },
    "timestamp": 1477779433
  }
}
